This file contains any messages produced by compilers while
running configure, to aid debugging if configure makes a mistake.

It was created by configure, which was
generated by GNU Autoconf 2.57.  Invocation command line was

  $ ./configure --prefix=/Users/mysak/BioCEV/proshade/master/extern/install --disable-Werror --enable-float --enable-silent-rules --enable-shared --disable-static --includedir=/Users/mysak/BioCEV/proshade/master/extern/install/include --libdir=/Users/mysak/BioCEV/proshade/master/extern/install/lib

## --------- ##
## Platform. ##
## --------- ##

hostname = mysak.home
uname -m = x86_64
uname -r = 19.4.0
uname -s = Darwin
uname -v = Darwin Kernel Version 19.4.0: Wed Mar  4 22:28:40 PST 2020; root:xnu-6153.101.6~15/RELEASE_X86_64

/usr/bin/uname -p = i386
/bin/uname -X     = unknown

/bin/arch              = unknown
/usr/bin/arch -k       = unknown
/usr/convex/getsysinfo = unknown
hostinfo               = Mach kernel version:
	 Darwin Kernel Version 19.4.0: Wed Mar  4 22:28:40 PST 2020; root:xnu-6153.101.6~15/RELEASE_X86_64
Kernel configured for up to 16 processors.
8 processors are physically available.
16 processors are logically available.
Processor type: x86_64h (Intel x86-64h Haswell)
Processors active: 0 1 2 3 4 5 6 7 8 9 10 11 12 13 14 15
Primary memory available: 64.00 gigabytes
Default processor set: 486 tasks, 2117 threads, 16 processors
Load average: 2.33, Mach factor: 13.66
/bin/machine           = unknown
/usr/bin/oslevel       = unknown
/bin/universe          = unknown

PATH: /Applications/phenix-1.17.1-3660/build/bin
PATH: /Users/mysak/Repositories/ccpem-1.4.1/bin
PATH: /Applications/arp_warp_8.0/bin/bin-x86_64-Darwin
PATH: /Applications/ccp4-7.0/etc
PATH: /Applications/ccp4-7.0/bin
PATH: /opt/local/bin
PATH: /opt/local/sbin
PATH: /usr/local/bin
PATH: /usr/bin
PATH: /bin
PATH: /usr/sbin
PATH: /sbin
PATH: /Library/TeX/texbin
PATH: /opt/X11/bin
PATH: /Library/Apple/usr/bin


## ----------- ##
## Core tests. ##
## ----------- ##

configure:1500: checking for a BSD-compatible install
configure:1554: result: /opt/local/bin/ginstall -c
configure:1565: checking whether build environment is sane
configure:1608: result: yes
configure:1641: checking for gawk
configure:1657: found /opt/local/bin/gawk
configure:1667: result: gawk
configure:1677: checking whether make sets $(MAKE)
configure:1697: result: yes
configure:1965: checking type prefix for installed files
configure:1976: result: (none)
configure:2063: checking for vendor's cc to be used instead of gcc
configure:2067: checking for cc
configure:2083: found /usr/bin/cc
configure:2093: result: cc
configure:2417: checking for C compiler version
configure:2420: cc --version </dev/null >&5
Apple clang version 11.0.3 (clang-1103.0.32.59)
Target: x86_64-apple-darwin19.4.0
Thread model: posix
InstalledDir: /Applications/Xcode.app/Contents/Developer/Toolchains/XcodeDefault.xctoolchain/usr/bin
configure:2423: $? = 0
configure:2425: cc -v </dev/null >&5
Apple clang version 11.0.3 (clang-1103.0.32.59)
Target: x86_64-apple-darwin19.4.0
Thread model: posix
InstalledDir: /Applications/Xcode.app/Contents/Developer/Toolchains/XcodeDefault.xctoolchain/usr/bin
configure:2428: $? = 0
configure:2430: cc -V </dev/null >&5
clang: error: unsupported option '-V -Wno-objc-signed-char-bool-implicit-int-conversion'
clang: error: no input files
configure:2433: $? = 1
configure:2457: checking for C compiler default output
configure:2460: cc    conftest.c  >&5
configure:2463: $? = 0
configure:2509: result: a.out
configure:2514: checking whether the C compiler works
configure:2520: ./a.out
configure:2523: $? = 0
configure:2540: result: yes
configure:2547: checking whether we are cross compiling
configure:2549: result: no
configure:2552: checking for suffix of executables
configure:2554: cc -o conftest    conftest.c  >&5
configure:2557: $? = 0
configure:2582: result: 
configure:2588: checking for suffix of object files
configure:2610: cc -c   conftest.c >&5
configure:2613: $? = 0
configure:2635: result: o
configure:2639: checking whether we are using the GNU C compiler
configure:2664: cc -c   conftest.c >&5
configure:2667: $? = 0
configure:2670: test -s conftest.o
configure:2673: $? = 0
configure:2686: result: yes
configure:2692: checking whether cc accepts -g
configure:2714: cc -c -g  conftest.c >&5
configure:2717: $? = 0
configure:2720: test -s conftest.o
configure:2723: $? = 0
configure:2734: result: yes
configure:2751: checking for cc option to accept ANSI C
configure:2812: cc  -c -g -O2  conftest.c >&5
configure:2815: $? = 0
configure:2818: test -s conftest.o
configure:2821: $? = 0
configure:2839: result: none needed
configure:2857: cc -c -g -O2  conftest.c >&5
conftest.c:2:3: error: unknown type name 'choke'
  choke me
  ^
conftest.c:2:11: error: expected ';' after top level declarator
  choke me
          ^
          ;
2 errors generated.
configure:2860: $? = 1
configure: failed program was:
| #ifndef __cplusplus
|   choke me
| #endif
configure:2979: checking for style of include used by make
configure:3007: result: GNU
configure:3035: checking dependency style of cc
configure:3103: result: gcc3
configure:3122: checking whether we are using gcc 2.90 or later
configure:3136: cc -E conftest.c
configure:3139: $? = 0
configure:3147: result: yes
configure:3169: checking for a BSD-compatible install
configure:3223: result: /opt/local/bin/ginstall -c
configure:3234: checking whether make sets $(MAKE)
configure:3254: result: yes
configure:3304: checking for ranlib
configure:3320: found /usr/bin/ranlib
configure:3331: result: ranlib
configure:3343: checking whether ln -s works
configure:3347: result: yes
configure:3404: checking build system type
configure:3422: result: i686-apple-darwin19.4.0
configure:3430: checking host system type
configure:3444: result: i686-apple-darwin19.4.0
configure:3474: checking for ld used by GCC
configure:3537: result: /Applications/Xcode.app/Contents/Developer/Toolchains/XcodeDefault.xctoolchain/usr/bin/ld
configure:3546: checking if the linker (/Applications/Xcode.app/Contents/Developer/Toolchains/XcodeDefault.xctoolchain/usr/bin/ld) is GNU ld
configure:3558: result: no
configure:3563: checking for /Applications/Xcode.app/Contents/Developer/Toolchains/XcodeDefault.xctoolchain/usr/bin/ld option to reload object files
configure:3570: result: -r
configure:3575: checking for BSD-compatible nm
configure:3611: result: /usr/bin/nm -B
configure:3614: checking for a sed that does not truncate output
configure:3696: result: /usr/bin/sed
configure:3699: checking how to recognise dependent libraries
configure:3880: result: file_magic Mach-O dynamically linked shared library
configure:3893: checking command to parse /usr/bin/nm -B output
configure:3977: cc -c -g -O2  conftest.c >&5
configure:3980: $? = 0
configure:3984: /usr/bin/nm -B conftest.o \| sed -n -e 's/^.*[ 	]\([BCDEGRST][BCDEGRST]*\)[ 	][ 	]*\(\)\([_A-Za-z][_A-Za-z0-9]*\)$/\1 \2\3 \3/p' \> conftest.nm
configure:3987: $? = 0
cannot find nm_test_var in conftest.nm
configure:3977: cc -c -g -O2  conftest.c >&5
configure:3980: $? = 0
configure:3984: /usr/bin/nm -B conftest.o \| sed -n -e 's/^.*[ 	]\([BCDEGRST][BCDEGRST]*\)[ 	][ 	]*\(_\)\([_A-Za-z][_A-Za-z0-9]*\)$/\1 \2\3 \3/p' \> conftest.nm
configure:3987: $? = 0
configure:4039: cc -o conftest -g -O2   conftest.c conftstm.o >&5
conftest.c:6:1: warning: variable named 'main' with external linkage has undefined behavior [-Wmain]
extern char main;
^
1 warning generated.
configure:4042: $? = 0
configure:4086: result: ok
configure:4095: checking how to run the C preprocessor
configure:4131: cc -E  conftest.c
configure:4137: $? = 0
configure:4169: cc -E  conftest.c
configure:4171:10: fatal error: 'ac_nonexistent.h' file not found
#include <ac_nonexistent.h>
         ^~~~~~~~~~~~~~~~~~
1 error generated.
configure:4175: $? = 1
configure: failed program was:
| #line 4160 "configure"
| /* confdefs.h.  */
| 
| #define PACKAGE_NAME ""
| #define PACKAGE_TARNAME ""
| #define PACKAGE_VERSION ""
| #define PACKAGE_STRING ""
| #define PACKAGE_BUGREPORT ""
| #define PACKAGE "fftw"
| #define VERSION "2.1.5"
| #define FFTW_ENABLE_FLOAT 1
| /* end confdefs.h.  */
| #include <ac_nonexistent.h>
configure:4213: result: cc -E
configure:4238: cc -E  conftest.c
configure:4244: $? = 0
configure:4276: cc -E  conftest.c
configure:4278:10: fatal error: 'ac_nonexistent.h' file not found
#include <ac_nonexistent.h>
         ^~~~~~~~~~~~~~~~~~
1 error generated.
configure:4282: $? = 1
configure: failed program was:
| #line 4267 "configure"
| /* confdefs.h.  */
| 
| #define PACKAGE_NAME ""
| #define PACKAGE_TARNAME ""
| #define PACKAGE_VERSION ""
| #define PACKAGE_STRING ""
| #define PACKAGE_BUGREPORT ""
| #define PACKAGE "fftw"
| #define VERSION "2.1.5"
| #define FFTW_ENABLE_FLOAT 1
| /* end confdefs.h.  */
| #include <ac_nonexistent.h>
configure:4325: checking for egrep
configure:4335: result: grep -E
configure:4340: checking for ANSI C header files
configure:4366: cc -c -g -O2  conftest.c >&5
configure:4369: $? = 0
configure:4372: test -s conftest.o
configure:4375: $? = 0
configure:4467: cc -o conftest -g -O2   conftest.c  >&5
configure:4463:7: warning: implicitly declaring library function 'exit' with type 'void (int) __attribute__((noreturn))' [-Wimplicit-function-declaration]
      exit(2);
      ^
configure:4463:7: note: include the header <stdlib.h> or explicitly provide a declaration for 'exit'
1 warning generated.
configure:4470: $? = 0
configure:4472: ./conftest
configure:4475: $? = 0
configure:4490: result: yes
configure:4514: checking for sys/types.h
configure:4531: cc -c -g -O2  conftest.c >&5
configure:4534: $? = 0
configure:4537: test -s conftest.o
configure:4540: $? = 0
configure:4551: result: yes
configure:4514: checking for sys/stat.h
configure:4531: cc -c -g -O2  conftest.c >&5
configure:4534: $? = 0
configure:4537: test -s conftest.o
configure:4540: $? = 0
configure:4551: result: yes
configure:4514: checking for stdlib.h
configure:4531: cc -c -g -O2  conftest.c >&5
configure:4534: $? = 0
configure:4537: test -s conftest.o
configure:4540: $? = 0
configure:4551: result: yes
configure:4514: checking for string.h
configure:4531: cc -c -g -O2  conftest.c >&5
configure:4534: $? = 0
configure:4537: test -s conftest.o
configure:4540: $? = 0
configure:4551: result: yes
configure:4514: checking for memory.h
configure:4531: cc -c -g -O2  conftest.c >&5
configure:4534: $? = 0
configure:4537: test -s conftest.o
configure:4540: $? = 0
configure:4551: result: yes
configure:4514: checking for strings.h
configure:4531: cc -c -g -O2  conftest.c >&5
configure:4534: $? = 0
configure:4537: test -s conftest.o
configure:4540: $? = 0
configure:4551: result: yes
configure:4514: checking for inttypes.h
configure:4531: cc -c -g -O2  conftest.c >&5
configure:4534: $? = 0
configure:4537: test -s conftest.o
configure:4540: $? = 0
configure:4551: result: yes
configure:4514: checking for stdint.h
configure:4531: cc -c -g -O2  conftest.c >&5
configure:4534: $? = 0
configure:4537: test -s conftest.o
configure:4540: $? = 0
configure:4551: result: yes
configure:4514: checking for unistd.h
configure:4531: cc -c -g -O2  conftest.c >&5
configure:4534: $? = 0
configure:4537: test -s conftest.o
configure:4540: $? = 0
configure:4551: result: yes
configure:4577: checking dlfcn.h usability
configure:4590: cc -c -g -O2  conftest.c >&5
configure:4593: $? = 0
configure:4596: test -s conftest.o
configure:4599: $? = 0
configure:4609: result: yes
configure:4613: checking dlfcn.h presence
configure:4624: cc -E  conftest.c
configure:4630: $? = 0
configure:4649: result: yes
configure:4685: checking for dlfcn.h
configure:4692: result: yes
configure:4890: checking for ranlib
configure:4917: result: ranlib
configure:4970: checking for strip
configure:4986: found /usr/bin/strip
configure:4997: result: strip
configure:5207: checking for objdir
configure:5218: result: .libs
configure:5235: checking for cc option to produce PIC
configure:5381: result: -fno-common
configure:5385: checking if cc PIC flag -fno-common works
configure:5409: cc -c -g -O2 -fno-common -DPIC  conftest.c >&5
configure:5412: $? = 0
configure:5415: test -s conftest.o
configure:5418: $? = 0
configure:5456: result: yes
configure:5472: checking if cc static flag -static works
configure:5497: cc -o conftest -g -O2   -static conftest.c  >&5
ld: library not found for -lcrt0.o
clang: error: linker command failed with exit code 1 (use -v to see invocation)
configure:5500: $? = 1
configure: failed program was:
| #line 5480 "configure"
| /* confdefs.h.  */
| 
| #define PACKAGE_NAME ""
| #define PACKAGE_TARNAME ""
| #define PACKAGE_VERSION ""
| #define PACKAGE_STRING ""
| #define PACKAGE_BUGREPORT ""
| #define PACKAGE "fftw"
| #define VERSION "2.1.5"
| #define FFTW_ENABLE_FLOAT 1
| #define STDC_HEADERS 1
| #define HAVE_SYS_TYPES_H 1
| #define HAVE_SYS_STAT_H 1
| #define HAVE_STDLIB_H 1
| #define HAVE_STRING_H 1
| #define HAVE_MEMORY_H 1
| #define HAVE_STRINGS_H 1
| #define HAVE_INTTYPES_H 1
| #define HAVE_STDINT_H 1
| #define HAVE_UNISTD_H 1
| #define HAVE_DLFCN_H 1
| /* end confdefs.h.  */
| 
| int
| main ()
| {
| 
|   ;
|   return 0;
| }
configure:5522: result: no
configure:5534: checking if cc supports -c -o file.o
configure:5554: cc -c -g -O2 -o out/conftest2.o  conftest.c >&5
configure:5578: result: yes
configure:5583: checking if cc supports -c -o file.lo
configure:5611: cc -c -g -O2 -c -o conftest.lo  conftest.c >&5
configure:5614: $? = 0
configure:5617: test -s conftest.lo
configure:5620: $? = 0
configure:5642: result: yes
configure:5673: checking if cc supports -fno-rtti -fno-exceptions
configure:5696: cc -c -g -O2 -fno-rtti -fno-exceptions -c conftest.c  conftest.c >&5
configure:5699: $? = 0
configure:5702: test -s conftest.o
configure:5705: $? = 0
configure:5722: result: yes
configure:5733: checking whether the linker (/Applications/Xcode.app/Contents/Developer/Toolchains/XcodeDefault.xctoolchain/usr/bin/ld) supports shared libraries
configure:6428: result: yes
configure:6433: checking how to hardcode library paths into programs
configure:6457: result: unsupported
configure:6462: checking whether stripping libraries is possible
configure:6470: result: no
configure:6478: checking dynamic linker characteristics
configure:6885: result: darwin19.4.0 dyld
configure:6890: checking if libtool supports shared libraries
configure:6892: result: yes
configure:6895: checking whether to build shared libraries
configure:6916: result: yes
configure:6919: checking whether to build static libraries
configure:6923: result: no
configure:7613: checking whether -lc should be explicitly linked in
configure:7621: cc -c -g -O2  conftest.c >&5
configure:7624: $? = 0
configure:7638: cc -r -keep_private_externs -nostdlib -o conftest-master.o conftest.o && cc -dynamiclib  -o conftest conftest-master.o -v -install_name /conftest 2\>\&1 \| grep  -lc  \>/dev/null 2\>\&1
configure:7641: $? = 1
configure:7654: result: yes
configure:8229: checking for perl
configure:8245: found /opt/local/bin/perl
configure:8256: result: perl
configure:8318: checking for g77
configure:8347: result: no
configure:8318: checking for f77
configure:8347: result: no
configure:8318: checking for xlf
configure:8347: result: no
configure:8318: checking for frt
configure:8347: result: no
configure:8318: checking for pgf77
configure:8347: result: no
configure:8318: checking for fl32
configure:8347: result: no
configure:8318: checking for af77
configure:8347: result: no
configure:8318: checking for fort77
configure:8347: result: no
configure:8318: checking for f90
configure:8347: result: no
configure:8318: checking for xlf90
configure:8347: result: no
configure:8318: checking for pgf90
configure:8347: result: no
configure:8318: checking for epcf90
configure:8347: result: no
configure:8318: checking for f95
configure:8347: result: no
configure:8318: checking for fort
configure:8347: result: no
configure:8318: checking for xlf95
configure:8347: result: no
configure:8318: checking for lf95
configure:8347: result: no
configure:8318: checking for g95
configure:8347: result: no
configure:8359: checking for Fortran 77 compiler version
configure:8362:  --version </dev/null >&5
./configure: line 8363: --version: command not found
configure:8365: $? = 127
configure:8367:  -v </dev/null >&5
./configure: line 8368: -v: command not found
configure:8370: $? = 127
configure:8372:  -V </dev/null >&5
./configure: line 8373: -V: command not found
configure:8375: $? = 127
configure:8382: checking whether we are using the GNU Fortran 77 compiler
configure:8396:  -c  conftest.F >&5
./configure: line 8397: -c: command not found
configure:8399: $? = 127
configure: failed program was:
|       program main
| #ifndef __GNUC__
|        choke me
| #endif
| 
|       end
configure:8418: result: no
configure:8425: checking whether  accepts -g
configure:8437:  -c -g conftest.f >&5
./configure: line 8438: -c: command not found
configure:8440: $? = 127
configure: failed program was:
|       program main
| 
|       end
configure:8458: result: no
configure:8483: WARNING: *** Couldn't find f77 compiler; switching to --disable-fortran.
configure:8491: checking how to get verbose linking output from 
configure:8503:  -c  conftest.f >&5
./configure: line 8504: -c: command not found
configure:8506: $? = 127
configure: failed program was:
|       program main
| 
|       end
configure:8593: WARNING: compilation failed
configure:8599: result: 
configure:8601: checking for Fortran 77 libraries
configure:8614:  -o conftest    conftest.f  >&5
./configure: line 8628: -o: command not found
configure:8801: result: 
configure:8812: checking for dummy main to link with Fortran 77 libraries
configure:8849: cc -o conftest -g -O2   conftest.c   >&5
configure:8852: $? = 0
configure:8855: test -s conftest
configure:8858: $? = 0
configure:8923: result: none
configure:9331: checking whether cc accepts -malign-double
configure:9345: result: yes
configure:9358: checking whether cc accepts -fstrict-aliasing
configure:9372: result: yes
configure:9441: checking whether cc accepts -mcpu=pentiumpro
configure:9455: result: no
configure:9464: checking whether cc accepts -mpentiumpro
configure:9478: result: no
configure:9769: checking whether cc accepts -O3 -fomit-frame-pointer -fno-schedule-insns -fschedule-insns2 -malign-double -fstrict-aliasing
configure:9783: result: no
configure:9812: checking whether cc accepts -mpreferred-stack-boundary=4
configure:9826: result: no
configure:9946: checking for sqrt in -lm
configure:9983: cc -o conftest    conftest.c -lm   >&5
configure:9983:6: warning: incompatible redeclaration of library function 'sqrt' [-Wincompatible-library-redeclaration]
char sqrt ();
     ^
configure:9983:6: note: 'sqrt' is a builtin with type 'double (double)'
1 warning generated.
configure:9986: $? = 0
configure:9989: test -s conftest
configure:9992: $? = 0
configure:10004: result: yes
configure:10016: checking for ANSI C header files
configure:10172: result: yes
configure:10199: checking sys/time.h usability
configure:10212: cc -c   conftest.c >&5
configure:10215: $? = 0
configure:10218: test -s conftest.o
configure:10221: $? = 0
configure:10231: result: yes
configure:10235: checking sys/time.h presence
configure:10246: cc -E  conftest.c
configure:10252: $? = 0
configure:10271: result: yes
configure:10307: checking for sys/time.h
configure:10314: result: yes
configure:10190: checking for unistd.h
configure:10195: result: yes
configure:10199: checking getopt.h usability
configure:10212: cc -c   conftest.c >&5
configure:10215: $? = 0
configure:10218: test -s conftest.o
configure:10221: $? = 0
configure:10231: result: yes
configure:10235: checking getopt.h presence
configure:10246: cc -E  conftest.c
configure:10252: $? = 0
configure:10271: result: yes
configure:10307: checking for getopt.h
configure:10314: result: yes
configure:10199: checking malloc.h usability
configure:10212: cc -c   conftest.c >&5
configure:10263:10: fatal error: 'malloc.h' file not found
#include <malloc.h>
         ^~~~~~~~~~
1 error generated.
configure:10215: $? = 1
configure: failed program was:
| #line 10201 "configure"
| /* confdefs.h.  */
| 
| #define PACKAGE_NAME ""
| #define PACKAGE_TARNAME ""
| #define PACKAGE_VERSION ""
| #define PACKAGE_STRING ""
| #define PACKAGE_BUGREPORT ""
| #define PACKAGE "fftw"
| #define VERSION "2.1.5"
| #define FFTW_ENABLE_FLOAT 1
| #define STDC_HEADERS 1
| #define HAVE_SYS_TYPES_H 1
| #define HAVE_SYS_STAT_H 1
| #define HAVE_STDLIB_H 1
| #define HAVE_STRING_H 1
| #define HAVE_MEMORY_H 1
| #define HAVE_STRINGS_H 1
| #define HAVE_INTTYPES_H 1
| #define HAVE_STDINT_H 1
| #define HAVE_UNISTD_H 1
| #define HAVE_DLFCN_H 1
| #define FFTW_VERSION "2.1.5"
| #define HAVE_LIBM 1
| #define STDC_HEADERS 1
| #define HAVE_SYS_TIME_H 1
| #define HAVE_UNISTD_H 1
| #define HAVE_GETOPT_H 1
| /* end confdefs.h.  */
| #include <stdio.h>
| #if HAVE_SYS_TYPES_H
| # include <sys/types.h>
| #endif
| #if HAVE_SYS_STAT_H
| # include <sys/stat.h>
| #endif
| #if STDC_HEADERS
| # include <stdlib.h>
| # include <stddef.h>
| #else
| # if HAVE_STDLIB_H
| #  include <stdlib.h>
| # endif
| #endif
| #if HAVE_STRING_H
| # if !STDC_HEADERS && HAVE_MEMORY_H
| #  include <memory.h>
| # endif
| # include <string.h>
| #endif
| #if HAVE_STRINGS_H
| # include <strings.h>
| #endif
| #if HAVE_INTTYPES_H
| # include <inttypes.h>
| #else
| # if HAVE_STDINT_H
| #  include <stdint.h>
| # endif
| #endif
| #if HAVE_UNISTD_H
| # include <unistd.h>
| #endif
| #include <malloc.h>
configure:10231: result: no
configure:10235: checking malloc.h presence
configure:10246: cc -E  conftest.c
configure:10265:10: fatal error: 'malloc.h' file not found
#include <malloc.h>
         ^~~~~~~~~~
1 error generated.
configure:10252: $? = 1
configure: failed program was:
| #line 10237 "configure"
| /* confdefs.h.  */
| 
| #define PACKAGE_NAME ""
| #define PACKAGE_TARNAME ""
| #define PACKAGE_VERSION ""
| #define PACKAGE_STRING ""
| #define PACKAGE_BUGREPORT ""
| #define PACKAGE "fftw"
| #define VERSION "2.1.5"
| #define FFTW_ENABLE_FLOAT 1
| #define STDC_HEADERS 1
| #define HAVE_SYS_TYPES_H 1
| #define HAVE_SYS_STAT_H 1
| #define HAVE_STDLIB_H 1
| #define HAVE_STRING_H 1
| #define HAVE_MEMORY_H 1
| #define HAVE_STRINGS_H 1
| #define HAVE_INTTYPES_H 1
| #define HAVE_STDINT_H 1
| #define HAVE_UNISTD_H 1
| #define HAVE_DLFCN_H 1
| #define FFTW_VERSION "2.1.5"
| #define HAVE_LIBM 1
| #define STDC_HEADERS 1
| #define HAVE_SYS_TIME_H 1
| #define HAVE_UNISTD_H 1
| #define HAVE_GETOPT_H 1
| /* end confdefs.h.  */
| #include <malloc.h>
configure:10271: result: no
configure:10307: checking for malloc.h
configure:10314: result: no
configure:10328: checking for an ANSI C-conforming const
configure:10402: cc -c   conftest.c >&5
configure:10405: $? = 0
configure:10408: test -s conftest.o
configure:10411: $? = 0
configure:10422: result: yes
configure:10432: checking for size_t
configure:10463: cc -c   conftest.c >&5
configure:10466: $? = 0
configure:10469: test -s conftest.o
configure:10472: $? = 0
configure:10483: result: yes
configure:10495: checking whether time.h and sys/time.h may both be included
configure:10527: cc -c   conftest.c >&5
configure:10530: $? = 0
configure:10533: test -s conftest.o
configure:10536: $? = 0
configure:10547: result: yes
configure:10574: checking for working alloca.h
configure:10602: cc -o conftest    conftest.c -lm  >&5
configure:10605: $? = 0
configure:10608: test -s conftest
configure:10611: $? = 0
configure:10622: result: yes
configure:10632: checking for alloca
configure:10680: cc -o conftest    conftest.c -lm  >&5
configure:10683: $? = 0
configure:10686: test -s conftest
configure:10689: $? = 0
configure:10700: result: yes
configure:10925: checking for gettimeofday
configure:10989: cc -o conftest    conftest.c -lm  >&5
configure:10992: $? = 0
configure:10995: test -s conftest
configure:10998: $? = 0
configure:11009: result: yes
configure:11023: checking for BSDgettimeofday
configure:11087: cc -o conftest    conftest.c -lm  >&5
Undefined symbols for architecture x86_64:
  "_BSDgettimeofday", referenced from:
      _main in conftest-d029dd.o
      _f in conftest-d029dd.o
ld: symbol(s) not found for architecture x86_64
clang: error: linker command failed with exit code 1 (use -v to see invocation)
configure:11090: $? = 1
configure: failed program was:
| #line 11028 "configure"
| /* confdefs.h.  */
| 
| #define PACKAGE_NAME ""
| #define PACKAGE_TARNAME ""
| #define PACKAGE_VERSION ""
| #define PACKAGE_STRING ""
| #define PACKAGE_BUGREPORT ""
| #define PACKAGE "fftw"
| #define VERSION "2.1.5"
| #define FFTW_ENABLE_FLOAT 1
| #define STDC_HEADERS 1
| #define HAVE_SYS_TYPES_H 1
| #define HAVE_SYS_STAT_H 1
| #define HAVE_STDLIB_H 1
| #define HAVE_STRING_H 1
| #define HAVE_MEMORY_H 1
| #define HAVE_STRINGS_H 1
| #define HAVE_INTTYPES_H 1
| #define HAVE_STDINT_H 1
| #define HAVE_UNISTD_H 1
| #define HAVE_DLFCN_H 1
| #define FFTW_VERSION "2.1.5"
| #define HAVE_LIBM 1
| #define STDC_HEADERS 1
| #define HAVE_SYS_TIME_H 1
| #define HAVE_UNISTD_H 1
| #define HAVE_GETOPT_H 1
| #define TIME_WITH_SYS_TIME 1
| #define HAVE_ALLOCA_H 1
| #define HAVE_ALLOCA 1
| #define HAVE_GETTIMEOFDAY 1
| /* end confdefs.h.  */
| /* Define BSDgettimeofday to an innocuous variant, in case <limits.h> declares BSDgettimeofday.
|    For example, HP-UX 11i <limits.h> declares gettimeofday.  */
| #define BSDgettimeofday innocuous_BSDgettimeofday
| 
| /* System header to define __stub macros and hopefully few prototypes,
|     which can conflict with char BSDgettimeofday (); below.
|     Prefer <limits.h> to <assert.h> if __STDC__ is defined, since
|     <limits.h> exists even on freestanding compilers.  */
| 
| #ifdef __STDC__
| # include <limits.h>
| #else
| # include <assert.h>
| #endif
| 
| #undef BSDgettimeofday
| 
| /* Override any gcc2 internal prototype to avoid an error.  */
| #ifdef __cplusplus
| extern "C"
| {
| #endif
| /* We use char because int might match the return type of a gcc2
|    builtin and then its argument prototype would still apply.  */
| char BSDgettimeofday ();
| /* The GNU C library defines this for functions which it implements
|     to always fail with ENOSYS.  Some functions are actually named
|     something starting with __ and the normal name is an alias.  */
| #if defined (__stub_BSDgettimeofday) || defined (__stub___BSDgettimeofday)
| choke me
| #else
| char (*f) () = BSDgettimeofday;
| #endif
| #ifdef __cplusplus
| }
| #endif
| 
| #ifdef F77_DUMMY_MAIN
| #  ifdef __cplusplus
|      extern "C"
| #  endif
|    int F77_DUMMY_MAIN() { return 1; }
| #endif
| int
| main ()
| {
| return f != BSDgettimeofday;
|   ;
|   return 0;
| }
configure:11107: result: no
configure:11121: checking for gethrtime
configure:11185: cc -o conftest    conftest.c -lm  >&5
Undefined symbols for architecture x86_64:
  "_gethrtime", referenced from:
      _main in conftest-d62612.o
      _f in conftest-d62612.o
ld: symbol(s) not found for architecture x86_64
clang: error: linker command failed with exit code 1 (use -v to see invocation)
configure:11188: $? = 1
configure: failed program was:
| #line 11126 "configure"
| /* confdefs.h.  */
| 
| #define PACKAGE_NAME ""
| #define PACKAGE_TARNAME ""
| #define PACKAGE_VERSION ""
| #define PACKAGE_STRING ""
| #define PACKAGE_BUGREPORT ""
| #define PACKAGE "fftw"
| #define VERSION "2.1.5"
| #define FFTW_ENABLE_FLOAT 1
| #define STDC_HEADERS 1
| #define HAVE_SYS_TYPES_H 1
| #define HAVE_SYS_STAT_H 1
| #define HAVE_STDLIB_H 1
| #define HAVE_STRING_H 1
| #define HAVE_MEMORY_H 1
| #define HAVE_STRINGS_H 1
| #define HAVE_INTTYPES_H 1
| #define HAVE_STDINT_H 1
| #define HAVE_UNISTD_H 1
| #define HAVE_DLFCN_H 1
| #define FFTW_VERSION "2.1.5"
| #define HAVE_LIBM 1
| #define STDC_HEADERS 1
| #define HAVE_SYS_TIME_H 1
| #define HAVE_UNISTD_H 1
| #define HAVE_GETOPT_H 1
| #define TIME_WITH_SYS_TIME 1
| #define HAVE_ALLOCA_H 1
| #define HAVE_ALLOCA 1
| #define HAVE_GETTIMEOFDAY 1
| /* end confdefs.h.  */
| /* Define gethrtime to an innocuous variant, in case <limits.h> declares gethrtime.
|    For example, HP-UX 11i <limits.h> declares gettimeofday.  */
| #define gethrtime innocuous_gethrtime
| 
| /* System header to define __stub macros and hopefully few prototypes,
|     which can conflict with char gethrtime (); below.
|     Prefer <limits.h> to <assert.h> if __STDC__ is defined, since
|     <limits.h> exists even on freestanding compilers.  */
| 
| #ifdef __STDC__
| # include <limits.h>
| #else
| # include <assert.h>
| #endif
| 
| #undef gethrtime
| 
| /* Override any gcc2 internal prototype to avoid an error.  */
| #ifdef __cplusplus
| extern "C"
| {
| #endif
| /* We use char because int might match the return type of a gcc2
|    builtin and then its argument prototype would still apply.  */
| char gethrtime ();
| /* The GNU C library defines this for functions which it implements
|     to always fail with ENOSYS.  Some functions are actually named
|     something starting with __ and the normal name is an alias.  */
| #if defined (__stub_gethrtime) || defined (__stub___gethrtime)
| choke me
| #else
| char (*f) () = gethrtime;
| #endif
| #ifdef __cplusplus
| }
| #endif
| 
| #ifdef F77_DUMMY_MAIN
| #  ifdef __cplusplus
|      extern "C"
| #  endif
|    int F77_DUMMY_MAIN() { return 1; }
| #endif
| int
| main ()
| {
| return f != gethrtime;
|   ;
|   return 0;
| }
configure:11205: result: no
configure:11219: checking for getopt
configure:11283: cc -o conftest    conftest.c -lm  >&5
configure:11286: $? = 0
configure:11289: test -s conftest
configure:11292: $? = 0
configure:11303: result: yes
configure:11317: checking for getopt_long
configure:11381: cc -o conftest    conftest.c -lm  >&5
configure:11384: $? = 0
configure:11387: test -s conftest
configure:11390: $? = 0
configure:11401: result: yes
configure:11412: checking for isnan
configure:11438: cc -o conftest    conftest.c -lm  >&5
configure:11441: $? = 0
configure:11444: test -s conftest
configure:11447: $? = 0
configure:11463: result: yes
configure:11468: checking for hrtime_t
configure:11497: cc -o conftest    conftest.c -lm  >&5
configure:11519:1: error: unknown type name 'hrtime_t'; did you mean 'time_t'?
hrtime_t foobar;
^~~~~~~~
time_t
/Applications/Xcode.app/Contents/Developer/Platforms/MacOSX.platform/Developer/SDKs/MacOSX.sdk/usr/include/sys/_types/_time_t.h:31:33: note: 'time_t' declared here
typedef __darwin_time_t         time_t;
                                ^
1 error generated.
configure:11500: $? = 1
configure: failed program was:
| #line 11470 "configure"
| /* confdefs.h.  */
| 
| #define PACKAGE_NAME ""
| #define PACKAGE_TARNAME ""
| #define PACKAGE_VERSION ""
| #define PACKAGE_STRING ""
| #define PACKAGE_BUGREPORT ""
| #define PACKAGE "fftw"
| #define VERSION "2.1.5"
| #define FFTW_ENABLE_FLOAT 1
| #define STDC_HEADERS 1
| #define HAVE_SYS_TYPES_H 1
| #define HAVE_SYS_STAT_H 1
| #define HAVE_STDLIB_H 1
| #define HAVE_STRING_H 1
| #define HAVE_MEMORY_H 1
| #define HAVE_STRINGS_H 1
| #define HAVE_INTTYPES_H 1
| #define HAVE_STDINT_H 1
| #define HAVE_UNISTD_H 1
| #define HAVE_DLFCN_H 1
| #define FFTW_VERSION "2.1.5"
| #define HAVE_LIBM 1
| #define STDC_HEADERS 1
| #define HAVE_SYS_TIME_H 1
| #define HAVE_UNISTD_H 1
| #define HAVE_GETOPT_H 1
| #define TIME_WITH_SYS_TIME 1
| #define HAVE_ALLOCA_H 1
| #define HAVE_ALLOCA 1
| #define HAVE_GETTIMEOFDAY 1
| #define HAVE_GETOPT 1
| #define HAVE_GETOPT_LONG 1
| #define HAVE_ISNAN 1
| /* end confdefs.h.  */
| 
| #ifdef HAVE_SYS_TIME_H
| #include <sys/time.h>
| #endif
| 
| #ifdef F77_DUMMY_MAIN
| #  ifdef __cplusplus
|      extern "C"
| #  endif
|    int F77_DUMMY_MAIN() { return 1; }
| #endif
| int
| main ()
| {
| hrtime_t foobar;
|   ;
|   return 0;
| }
configure:11522: result: no
configure:11525: checking for int
configure:11556: cc -c   conftest.c >&5
configure:11559: $? = 0
configure:11562: test -s conftest.o
configure:11565: $? = 0
configure:11576: result: yes
configure:11579: checking size of int
configure:11890: cc -o conftest    conftest.c -lm  >&5
configure:11893: $? = 0
configure:11895: ./conftest
configure:11898: $? = 0
configure:11921: result: 4
configure:11928: checking for long long
configure:11959: cc -c   conftest.c >&5
configure:11962: $? = 0
configure:11965: test -s conftest.o
configure:11968: $? = 0
configure:11979: result: yes
configure:11982: checking size of long long
configure:12293: cc -o conftest    conftest.c -lm  >&5
configure:12296: $? = 0
configure:12298: ./conftest
configure:12301: $? = 0
configure:12324: result: 8
configure:12349: checking whether cc accepts "-fkeep-programmers-inline"
configure:12363: result: no
configure:12375: checking whether cc accepts "-vomit-frame-pointer"
configure:12389: result: no
configure:14497: creating ./config.status

## ---------------------- ##
## Running config.status. ##
## ---------------------- ##

This file was extended by config.status, which was
generated by GNU Autoconf 2.57.  Invocation command line was

  CONFIG_FILES    = 
  CONFIG_HEADERS  = 
  CONFIG_LINKS    = 
  CONFIG_COMMANDS = 
  $ ./config.status 

on mysak.home

config.status:695: creating fftw/Makefile
config.status:695: creating tests/Makefile
config.status:695: creating rfftw/Makefile
config.status:695: creating doc/Makefile
config.status:695: creating Makefile
config.status:695: creating threads/Makefile
config.status:695: creating mpi/Makefile
config.status:695: creating fftw.spec
config.status:799: creating fftw/config.h
config.status:938: fftw/config.h is unchanged
config.status:799: creating fftw/fftw.h
config.status:938: fftw/fftw.h is unchanged
config.status:1060: executing depfiles commands

## ---------------- ##
## Cache variables. ##
## ---------------- ##

ac_cv_build=i686-apple-darwin19.4.0
ac_cv_build_alias=i686-apple-darwin19.4.0
ac_cv_c_compiler_gnu=yes
ac_cv_c_const=yes
ac_cv_env_CC_set=
ac_cv_env_CC_value=
ac_cv_env_CFLAGS_set=
ac_cv_env_CFLAGS_value=
ac_cv_env_CPPFLAGS_set=
ac_cv_env_CPPFLAGS_value=
ac_cv_env_CPP_set=
ac_cv_env_CPP_value=
ac_cv_env_F77_set=
ac_cv_env_F77_value=
ac_cv_env_FFLAGS_set=
ac_cv_env_FFLAGS_value=
ac_cv_env_LDFLAGS_set=
ac_cv_env_LDFLAGS_value=
ac_cv_env_build_alias_set=
ac_cv_env_build_alias_value=
ac_cv_env_host_alias_set=
ac_cv_env_host_alias_value=
ac_cv_env_target_alias_set=
ac_cv_env_target_alias_value=
ac_cv_exeext=
ac_cv_f77_compiler_gnu=no
ac_cv_f77_dummy_main=none
ac_cv_flibs=
ac_cv_func_BSDgettimeofday=no
ac_cv_func_alloca_works=yes
ac_cv_func_gethrtime=no
ac_cv_func_getopt=yes
ac_cv_func_getopt_long=yes
ac_cv_func_gettimeofday=yes
ac_cv_header_dlfcn_h=yes
ac_cv_header_getopt_h=yes
ac_cv_header_inttypes_h=yes
ac_cv_header_malloc_h=no
ac_cv_header_memory_h=yes
ac_cv_header_stdc=yes
ac_cv_header_stdint_h=yes
ac_cv_header_stdlib_h=yes
ac_cv_header_string_h=yes
ac_cv_header_strings_h=yes
ac_cv_header_sys_stat_h=yes
ac_cv_header_sys_time_h=yes
ac_cv_header_sys_types_h=yes
ac_cv_header_time=yes
ac_cv_header_unistd_h=yes
ac_cv_host=i686-apple-darwin19.4.0
ac_cv_host_alias=i686-apple-darwin19.4.0
ac_cv_lib_m_sqrt=yes
ac_cv_objext=o
ac_cv_path_install='/opt/local/bin/ginstall -c'
ac_cv_prog_AWK=gawk
ac_cv_prog_CC=cc
ac_cv_prog_CPP='cc -E'
ac_cv_prog_PERL=perl
ac_cv_prog_ac_ct_RANLIB=ranlib
ac_cv_prog_ac_ct_STRIP=strip
ac_cv_prog_cc_g=yes
ac_cv_prog_cc_stdc=
ac_cv_prog_egrep='grep -E'
ac_cv_prog_f77_g=no
ac_cv_prog_gcc_2_90=yes
ac_cv_prog_make_make_set=yes
ac_cv_sizeof_int=4
ac_cv_sizeof_long_long=8
ac_cv_type_int=yes
ac_cv_type_long_long=yes
ac_cv_type_size_t=yes
ac_cv_working_alloca_h=yes
am_cv_CC_dependencies_compiler_type=gcc3
lt_cv_archive_cmds_need_lc=yes
lt_cv_compiler_c_o=yes
lt_cv_compiler_o_lo=yes
lt_cv_deplibs_check_method='file_magic Mach-O dynamically linked shared library'
lt_cv_file_magic_cmd='/usr/bin/file -L'
lt_cv_file_magic_test_file=/usr/lib/libSystem.dylib
lt_cv_global_symbol_to_c_name_address='sed -n -e '\''s/^: \([^ ]*\) $/  {\"\1\", (lt_ptr) 0},/p'\'' -e '\''s/^[BCDEGRST] \([^ ]*\) \([^ ]*\)$/  {"\2", (lt_ptr) \&\2},/p'\'''
lt_cv_global_symbol_to_cdecl='sed -n -e '\''s/^. .* \(.*\)$/extern char \1;/p'\'''
lt_cv_ld_reload_flag=-r
lt_cv_path_LD=/Applications/Xcode.app/Contents/Developer/Toolchains/XcodeDefault.xctoolchain/usr/bin/ld
lt_cv_path_NM='/usr/bin/nm -B'
lt_cv_path_SED=/usr/bin/sed
lt_cv_prog_cc_can_build_shared=yes
lt_cv_prog_cc_no_builtin=
lt_cv_prog_cc_pic=' -fno-common'
lt_cv_prog_cc_pic_works=yes
lt_cv_prog_cc_shlib=
lt_cv_prog_cc_static=
lt_cv_prog_cc_static_works=no
lt_cv_prog_cc_wl=-Wl,
lt_cv_prog_gnu_ld=no
lt_cv_sys_global_symbol_pipe='sed -n -e '\''s/^.*[ 	]\([BCDEGRST][BCDEGRST]*\)[ 	][ 	]*\(_\)\([_A-Za-z][_A-Za-z0-9]*\)$/\1 \2\3 \3/p'\'''

## ----------------- ##
## Output variables. ##
## ----------------- ##

ACLOCAL='${SHELL} /Users/mysak/BioCEV/proshade/master/extern/fftw-2.1.5/missing --run aclocal-1.7'
ALLOCA=''
AMDEPBACKSLASH='\'
AMDEP_FALSE='#'
AMDEP_TRUE=''
AMTAR='${SHELL} /Users/mysak/BioCEV/proshade/master/extern/fftw-2.1.5/missing --run tar'
AUTOCONF='${SHELL} /Users/mysak/BioCEV/proshade/master/extern/fftw-2.1.5/missing --run autoconf'
AUTOHEADER='${SHELL} /Users/mysak/BioCEV/proshade/master/extern/fftw-2.1.5/missing --run autoheader'
AUTOMAKE='${SHELL} /Users/mysak/BioCEV/proshade/master/extern/fftw-2.1.5/missing --run automake-1.7'
AWK='gawk'
CC='cc'
CCDEPMODE='depmode=gcc3'
CFLAGS=''
CPP='cc -E'
CPPFLAGS=''
CYGPATH_W='echo'
DEFS='-DHAVE_CONFIG_H'
DEPDIR='.deps'
ECHO='/bin/echo'
ECHO_C='ECHO_N=''
ECHO_T=''
EGREP='grep -E'
EXEEXT=''
F77=''
FFLAGS=''
FFTW_MPI_INCLUDELIST=''
FFTW_MPI_LIBLIST=''
FFTW_MPI_PROGLIST=''
FFTW_PREFIX1='xyz'
FFTW_PREFIX=''
FFTW_THREADS_INCLUDELIST=''
FFTW_THREADS_LIBLIST=''
FFTW_THREADS_PROGLIST=''
FLIBS=''
INSTALL_DATA='${INSTALL} -m 644'
INSTALL_PROGRAM='${INSTALL}'
INSTALL_SCRIPT='${INSTALL}'
INSTALL_STRIP_PROGRAM='${SHELL} $(install_sh) -c -s'
LDFLAGS=''
LIBOBJS=''
LIBS='-lm '
LIBTOOL='$(SHELL) $(top_builddir)/libtool'
LN_S='ln -s'
LTLIBOBJS=''
MAKEINFO='${SHELL} /Users/mysak/BioCEV/proshade/master/extern/fftw-2.1.5/missing --run makeinfo'
MPICC='cc'
MPILIBS=''
OBJEXT='o'
PACKAGE='fftw'
PACKAGE_BUGREPORT=''
PACKAGE_NAME=''
PACKAGE_STRING=''
PACKAGE_TARNAME=''
PACKAGE_VERSION=''
PATH_SEPARATOR=':'
PERL='perl'
PTHREAD_CC=''
PTHREAD_CFLAGS=''
PTHREAD_LIBS=''
RANLIB='ranlib'
SET_MAKE=''
SHARED_VERSION='2.0.7'
SHARED_VERSION_INFO='2:7:0'
SHELL='/bin/sh'
STRIP='strip'
THREADLIBS=''
VERSION='2.1.5'
ac_ct_CC=''
ac_ct_F77=''
ac_ct_RANLIB='ranlib'
ac_ct_STRIP='strip'
am__fastdepCC_FALSE='#'
am__fastdepCC_TRUE=''
am__include='include'
am__leading_dot='.'
am__quote=''
bindir='${exec_prefix}/bin'
build='i686-apple-darwin19.4.0'
build_alias=''
build_cpu='i686'
build_os='darwin19.4.0'
build_vendor='apple'
datadir='${prefix}/share'
exec_prefix='${prefix}'
host='i686-apple-darwin19.4.0'
host_alias=''
host_cpu='i686'
host_os='darwin19.4.0'
host_vendor='apple'
includedir='/Users/mysak/BioCEV/proshade/master/extern/install/include'
infodir='${prefix}/info'
install_sh='/Users/mysak/BioCEV/proshade/master/extern/fftw-2.1.5/install-sh'
libdir='/Users/mysak/BioCEV/proshade/master/extern/install/lib'
libexecdir='${exec_prefix}/libexec'
localstatedir='${prefix}/var'
mandir='${prefix}/man'
oldincludedir='/usr/include'
prefix='/Users/mysak/BioCEV/proshade/master/extern/install'
program_transform_name='s,x,x,'
sbindir='${exec_prefix}/sbin'
sharedstatedir='${prefix}/com'
sysconfdir='${prefix}/etc'
target_alias=''

## ----------- ##
## confdefs.h. ##
## ----------- ##

#define FFTW_ENABLE_FLOAT 1
#define FFTW_VERSION "2.1.5"
#define HAVE_ALLOCA 1
#define HAVE_ALLOCA_H 1
#define HAVE_DLFCN_H 1
#define HAVE_GETOPT 1
#define HAVE_GETOPT_H 1
#define HAVE_GETOPT_LONG 1
#define HAVE_GETTIMEOFDAY 1
#define HAVE_INTTYPES_H 1
#define HAVE_ISNAN 1
#define HAVE_LIBM 1
#define HAVE_MEMORY_H 1
#define HAVE_STDINT_H 1
#define HAVE_STDLIB_H 1
#define HAVE_STRINGS_H 1
#define HAVE_STRING_H 1
#define HAVE_SYS_STAT_H 1
#define HAVE_SYS_TIME_H 1
#define HAVE_SYS_TYPES_H 1
#define HAVE_UNISTD_H 1
#define HAVE_UNISTD_H 1
#define PACKAGE "fftw"
#define PACKAGE_BUGREPORT ""
#define PACKAGE_NAME ""
#define PACKAGE_STRING ""
#define PACKAGE_TARNAME ""
#define PACKAGE_VERSION ""
#define SIZEOF_INT 4
#define SIZEOF_LONG_LONG 8
#define STDC_HEADERS 1
#define STDC_HEADERS 1
#define TIME_WITH_SYS_TIME 1
#define VERSION "2.1.5"

configure: exit 0
